{"C:\\Users\\jonop\\OneDrive\\Desktop\\DESKTOP FOLDER\\ASD\\Missions\\Mission3\\M3API\\mission-3-apisWRONG\\src\\services\\calcServices.ts": {"path":"C:\\Users\\jonop\\OneDrive\\Desktop\\DESKTOP FOLDER\\ASD\\Missions\\Mission3\\M3API\\mission-3-apisWRONG\\src\\services\\calcServices.ts","statementMap":{"0":{"start":{"line":6,"column":33},"end":{"line":23,"column":1}},"1":{"start":{"line":10,"column":2},"end":{"line":12,"column":3}},"2":{"start":{"line":11,"column":4},"end":{"line":11,"column":52}},"3":{"start":{"line":14,"column":21},"end":{"line":18,"column":72}},"4":{"start":{"line":17,"column":24},"end":{"line":17,"column":47}},"5":{"start":{"line":18,"column":29},"end":{"line":18,"column":68}},"6":{"start":{"line":20,"column":19},"end":{"line":20,"column":46}},"7":{"start":{"line":22,"column":2},"end":{"line":22,"column":21}}},"fnMap":{"0":{"name":"(anonymous_0)","decl":{"start":{"line":6,"column":33},"end":{"line":6,"column":34}},"loc":{"start":{"line":9,"column":21},"end":{"line":23,"column":1}},"line":9},"1":{"name":"(anonymous_1)","decl":{"start":{"line":17,"column":12},"end":{"line":17,"column":13}},"loc":{"start":{"line":17,"column":24},"end":{"line":17,"column":47}},"line":17},"2":{"name":"(anonymous_2)","decl":{"start":{"line":18,"column":12},"end":{"line":18,"column":13}},"loc":{"start":{"line":18,"column":29},"end":{"line":18,"column":68}},"line":18}},"branchMap":{"0":{"loc":{"start":{"line":10,"column":2},"end":{"line":12,"column":3}},"type":"if","locations":[{"start":{"line":10,"column":2},"end":{"line":12,"column":3}},{"start":{},"end":{}}],"line":10},"1":{"loc":{"start":{"line":10,"column":6},"end":{"line":10,"column":21}},"type":"binary-expr","locations":[{"start":{"line":10,"column":6},"end":{"line":10,"column":12}},{"start":{"line":10,"column":16},"end":{"line":10,"column":21}}],"line":10}},"s":{"0":1,"1":5,"2":1,"3":4,"4":28,"5":22,"6":4,"7":4},"f":{"0":5,"1":28,"2":22},"b":{"0":[1,4],"1":[5,4]},"_coverageSchema":"1a1c01bbd47fc00a2c39e90264f33305004495a9","hash":"4fd0e081d1070fbed46f849a5a67427d046fb46e"}
}
